<?xml version="1.0" encoding="UTF-8"?>
<testsuite xmlns:xsi="http://www.w3.org/2001/XMLSchema-instance" xsi:noNamespaceSchemaLocation="https://maven.apache.org/surefire/maven-surefire-plugin/xsd/surefire-test-report-3.0.xsd" version="3.0" name="org.agoncal.fascicle.quarkus.number.NumberResourceTest" time="4.399" tests="6" errors="0" skipped="0" failures="0">
  <properties>
[...]
</properties>
  <testcase name="shouldPingSwaggerUI" classname="org.agoncal.fascicle.quarkus.number.NumberResourceTest" time="0.943">
    <system-out><![CDATA[&amp#27;[38;5;145m13:40:53&amp#27;[39m&amp#27;[38;5;188m &amp#27;[39m&amp#27;[38;5;137mWARN&amp#27;[39m&amp#27;[38;5;188m [&amp#27;[39m&amp#27;[38;5;69mi.q.c.build&amp#27;[39m&amp#27;[38;5;188m] &amp#27;[39m&amp#27;[38;5;151mThe 'quarkus.log.console.color' config property is deprecated and should not be used anymore&amp#27;[39m&amp#27;[38;5;203m&amp#27;[39m&amp#27;[38;5;227m
&amp#27;[39m&amp#27;[38;5;145m13:40:55&amp#27;[39m&amp#27;[38;5;188m &amp#27;[39m&amp#27;[38;5;107mINFO&amp#27;[39m&amp#27;[38;5;188m [&amp#27;[39m&amp#27;[38;5;69mo.a.f.q.n.NumberApplicationLifeCycle&amp#27;[39m&amp#27;[38;5;188m] &amp#27;[39m&amp#27;[38;5;151m _   _                 _               &amp#27;[39m&amp#27;[38;5;203m&amp#27;[39m&amp#27;[38;5;227m
&amp#27;[39m&amp#27;[38;5;145m13:40:55&amp#27;[39m&amp#27;[38;5;188m &amp#27;[39m&amp#27;[38;5;107mINFO&amp#27;[39m&amp#27;[38;5;188m [&amp#27;[39m&amp#27;[38;5;69mo.a.f.q.n.NumberApplicationLifeCycle&amp#27;[39m&amp#27;[38;5;188m] &amp#27;[39m&amp#27;[38;5;151m| \ | |               | |              &amp#27;[39m&amp#27;[38;5;203m&amp#27;[39m&amp#27;[38;5;227m
&amp#27;[39m&amp#27;[38;5;145m13:40:55&amp#27;[39m&amp#27;[38;5;188m &amp#27;[39m&amp#27;[38;5;107mINFO&amp#27;[39m&amp#27;[38;5;188m [&amp#27;[39m&amp#27;[38;5;69mo.a.f.q.n.NumberApplicationLifeCycle&amp#27;[39m&amp#27;[38;5;188m] &amp#27;[39m&amp#27;[38;5;151m|  \| |_   _ _ __ ___ | |__   ___ _ __&amp#27;[39m&amp#27;[38;5;203m&amp#27;[39m&amp#27;[38;5;227m
&amp#27;[39m&amp#27;[38;5;145m13:40:55&amp#27;[39m&amp#27;[38;5;188m &amp#27;[39m&amp#27;[38;5;107mINFO&amp#27;[39m&amp#27;[38;5;188m [&amp#27;[39m&amp#27;[38;5;69mo.a.f.q.n.NumberApplicationLifeCycle&amp#27;[39m&amp#27;[38;5;188m] &amp#27;[39m&amp#27;[38;5;151m| . ` | | | | '_ ` _ \| '_ \ / _ \ '__|&amp#27;[39m&amp#27;[38;5;203m&amp#27;[39m&amp#27;[38;5;227m
&amp#27;[39m&amp#27;[38;5;145m13:40:55&amp#27;[39m&amp#27;[38;5;188m &amp#27;[39m&amp#27;[38;5;107mINFO&amp#27;[39m&amp#27;[38;5;188m [&amp#27;[39m&amp#27;[38;5;69mo.a.f.q.n.NumberApplicationLifeCycle&amp#27;[39m&amp#27;[38;5;188m] &amp#27;[39m&amp#27;[38;5;151m| |\  | |_| | | | | | | |_) |  __/ |   &amp#27;[39m&amp#27;[38;5;203m&amp#27;[39m&amp#27;[38;5;227m
&amp#27;[39m&amp#27;[38;5;145m13:40:55&amp#27;[39m&amp#27;[38;5;188m &amp#27;[39m&amp#27;[38;5;107mINFO&amp#27;[39m&amp#27;[38;5;188m [&amp#27;[39m&amp#27;[38;5;69mo.a.f.q.n.NumberApplicationLifeCycle&amp#27;[39m&amp#27;[38;5;188m] &amp#27;[39m&amp#27;[38;5;151m\_| \_/\__,_|_| |_| |_|_.__/ \___|_|   &amp#27;[39m&amp#27;[38;5;203m&amp#27;[39m&amp#27;[38;5;227m
&amp#27;[39m&amp#27;[38;5;145m13:40:55&amp#27;[39m&amp#27;[38;5;188m &amp#27;[39m&amp#27;[38;5;107mINFO&amp#27;[39m&amp#27;[38;5;188m [&amp#27;[39m&amp#27;[38;5;69mo.a.f.q.n.NumberApplicationLifeCycle&amp#27;[39m&amp#27;[38;5;188m] &amp#27;[39m&amp#27;[38;5;151m                         Powered by Quarkus&amp#27;[39m&amp#27;[38;5;203m&amp#27;[39m&amp#27;[38;5;227m
&amp#27;[39m&amp#27;[38;5;145m13:40:55&amp#27;[39m&amp#27;[38;5;188m &amp#27;[39m&amp#27;[38;5;107mINFO&amp#27;[39m&amp#27;[38;5;188m [&amp#27;[39m&amp#27;[38;5;69mo.a.f.q.n.NumberApplicationLifeCycle&amp#27;[39m&amp#27;[38;5;188m] &amp#27;[39m&amp#27;[38;5;151mThe application Number is starting with profile test&amp#27;[39m&amp#27;[38;5;203m&amp#27;[39m&amp#27;[38;5;227m
&amp#27;[39m&amp#27;[38;5;145m13:40:55&amp#27;[39m&amp#27;[38;5;188m &amp#27;[39m&amp#27;[38;5;107mINFO&amp#27;[39m&amp#27;[38;5;188m [&amp#27;[39m&amp#27;[38;5;69mi.quarkus&amp#27;[39m&amp#27;[38;5;188m] &amp#27;[39m&amp#27;[38;5;151mrest-number 1.0-SNAPSHOT on JVM (powered by Quarkus 3.8.6) started in 2.239s. Listening on: http://localhost:8081&amp#27;[39m&amp#27;[38;5;203m&amp#27;[39m&amp#27;[38;5;227m
&amp#27;[39m&amp#27;[38;5;145m13:40:55&amp#27;[39m&amp#27;[38;5;188m &amp#27;[39m&amp#27;[38;5;107mINFO&amp#27;[39m&amp#27;[38;5;188m [&amp#27;[39m&amp#27;[38;5;69mi.quarkus&amp#27;[39m&amp#27;[38;5;188m] &amp#27;[39m&amp#27;[38;5;151mProfile test activated. &amp#27;[39m&amp#27;[38;5;203m&amp#27;[39m&amp#27;[38;5;227m
&amp#27;[39m&amp#27;[38;5;145m13:40:55&amp#27;[39m&amp#27;[38;5;188m &amp#27;[39m&amp#27;[38;5;107mINFO&amp#27;[39m&amp#27;[38;5;188m [&amp#27;[39m&amp#27;[38;5;69mi.quarkus&amp#27;[39m&amp#27;[38;5;188m] &amp#27;[39m&amp#27;[38;5;151mInstalled features: [cdi, resteasy, resteasy-client, resteasy-jsonb, smallrye-context-propagation, smallrye-fault-tolerance, smallrye-health, smallrye-metrics, smallrye-openapi, swagger-ui, vertx]&amp#27;[39m&amp#27;[38;5;203m&amp#27;[39m&amp#27;[38;5;227m
&amp#27;[39m]]></system-out>
  </testcase>
  <testcase name="shouldPingMetrics" classname="org.agoncal.fascicle.quarkus.number.NumberResourceTest" time="0.024"/>
  <testcase name="shouldPingReadiness" classname="org.agoncal.fascicle.quarkus.number.NumberResourceTest" time="0.032"/>
  <testcase name="shouldPingLiveness" classname="org.agoncal.fascicle.quarkus.number.NumberResourceTest" time="0.036"/>
  <testcase name="shouldPingOpenAPI" classname="org.agoncal.fascicle.quarkus.number.NumberResourceTest" time="0.179"/>
  <testcase name="shouldGenerateBookNumber" classname="org.agoncal.fascicle.quarkus.number.NumberResourceTest" time="0.29">
    <system-out><![CDATA[&amp#27;[38;5;145m13:40:56&amp#27;[39m&amp#27;[38;5;188m &amp#27;[39m&amp#27;[38;5;107mINFO&amp#27;[39m&amp#27;[38;5;188m [&amp#27;[39m&amp#27;[38;5;69mo.a.f.q.n.NumberResource&amp#27;[39m&amp#27;[38;5;188m] &amp#27;[39m&amp#27;[38;5;151mWaiting for 0 seconds&amp#27;[39m&amp#27;[38;5;203m&amp#27;[39m&amp#27;[38;5;227m
&amp#27;[39m&amp#27;[38;5;145m13:40:56&amp#27;[39m&amp#27;[38;5;188m &amp#27;[39m&amp#27;[38;5;107mINFO&amp#27;[39m&amp#27;[38;5;188m [&amp#27;[39m&amp#27;[38;5;69mo.a.f.q.n.NumberResource&amp#27;[39m&amp#27;[38;5;188m] &amp#27;[39m&amp#27;[38;5;151mGenerating book numbers&amp#27;[39m&amp#27;[38;5;203m&amp#27;[39m&amp#27;[38;5;227m
&amp#27;[39m]]></system-out>
  </testcase>
</testsuite>