<?xml version="1.0" encoding="UTF-8"?>
<testsuite xmlns:xsi="http://www.w3.org/2001/XMLSchema-instance" xsi:noNamespaceSchemaLocation="https://maven.apache.org/surefire/maven-surefire-plugin/xsd/surefire-test-report-3.0.xsd" version="3.0" name="org.agoncal.fascicle.quarkus.number.NumberResourceTest" time="5.397" tests="3" errors="0" skipped="0" failures="0">
  <properties>
[...]
</properties>
  <testcase name="shouldPingSwaggerUI" classname="org.agoncal.fascicle.quarkus.number.NumberResourceTest" time="1.315">
    <system-out><![CDATA[&amp#27;[38;2;192;192;192m10:42:34&amp#27;[39m&amp#27;[38;2;208;208;208m &amp#27;[39m&amp#27;[38;2;129;192;66mINFO&amp#27;[39m&amp#27;[38;2;208;208;208m [&amp#27;[39m&amp#27;[38;2;68;136;255mo.a.f.q.n.h.NumberApplicationLifeCycle&amp#27;[39m&amp#27;[38;2;208;208;208m] &amp#27;[39m&amp#27;[38;2;176;208;176m _   _                 _               &amp#27;[39m&amp#27;[38;2;255;68;68m&amp#27;[39m&amp#27;[38;2;255;255;68m
&amp#27;[39m&amp#27;[38;2;192;192;192m10:42:34&amp#27;[39m&amp#27;[38;2;208;208;208m &amp#27;[39m&amp#27;[38;2;129;192;66mINFO&amp#27;[39m&amp#27;[38;2;208;208;208m [&amp#27;[39m&amp#27;[38;2;68;136;255mo.a.f.q.n.h.NumberApplicationLifeCycle&amp#27;[39m&amp#27;[38;2;208;208;208m] &amp#27;[39m&amp#27;[38;2;176;208;176m| \ | |               | |              &amp#27;[39m&amp#27;[38;2;255;68;68m&amp#27;[39m&amp#27;[38;2;255;255;68m
&amp#27;[39m&amp#27;[38;2;192;192;192m10:42:34&amp#27;[39m&amp#27;[38;2;208;208;208m &amp#27;[39m&amp#27;[38;2;129;192;66mINFO&amp#27;[39m&amp#27;[38;2;208;208;208m [&amp#27;[39m&amp#27;[38;2;68;136;255mo.a.f.q.n.h.NumberApplicationLifeCycle&amp#27;[39m&amp#27;[38;2;208;208;208m] &amp#27;[39m&amp#27;[38;2;176;208;176m|  \| |_   _ _ __ ___ | |__   ___ _ __&amp#27;[39m&amp#27;[38;2;255;68;68m&amp#27;[39m&amp#27;[38;2;255;255;68m
&amp#27;[39m&amp#27;[38;2;192;192;192m10:42:34&amp#27;[39m&amp#27;[38;2;208;208;208m &amp#27;[39m&amp#27;[38;2;129;192;66mINFO&amp#27;[39m&amp#27;[38;2;208;208;208m [&amp#27;[39m&amp#27;[38;2;68;136;255mo.a.f.q.n.h.NumberApplicationLifeCycle&amp#27;[39m&amp#27;[38;2;208;208;208m] &amp#27;[39m&amp#27;[38;2;176;208;176m| . ` | | | | '_ ` _ \| '_ \ / _ \ '__|&amp#27;[39m&amp#27;[38;2;255;68;68m&amp#27;[39m&amp#27;[38;2;255;255;68m
&amp#27;[39m&amp#27;[38;2;192;192;192m10:42:34&amp#27;[39m&amp#27;[38;2;208;208;208m &amp#27;[39m&amp#27;[38;2;129;192;66mINFO&amp#27;[39m&amp#27;[38;2;208;208;208m [&amp#27;[39m&amp#27;[38;2;68;136;255mo.a.f.q.n.h.NumberApplicationLifeCycle&amp#27;[39m&amp#27;[38;2;208;208;208m] &amp#27;[39m&amp#27;[38;2;176;208;176m| |\  | |_| | | | | | | |_) |  __/ |   &amp#27;[39m&amp#27;[38;2;255;68;68m&amp#27;[39m&amp#27;[38;2;255;255;68m
&amp#27;[39m&amp#27;[38;2;192;192;192m10:42:34&amp#27;[39m&amp#27;[38;2;208;208;208m &amp#27;[39m&amp#27;[38;2;129;192;66mINFO&amp#27;[39m&amp#27;[38;2;208;208;208m [&amp#27;[39m&amp#27;[38;2;68;136;255mo.a.f.q.n.h.NumberApplicationLifeCycle&amp#27;[39m&amp#27;[38;2;208;208;208m] &amp#27;[39m&amp#27;[38;2;176;208;176m\_| \_/\__,_|_| |_| |_|_.__/ \___|_|   &amp#27;[39m&amp#27;[38;2;255;68;68m&amp#27;[39m&amp#27;[38;2;255;255;68m
&amp#27;[39m&amp#27;[38;2;192;192;192m10:42:34&amp#27;[39m&amp#27;[38;2;208;208;208m &amp#27;[39m&amp#27;[38;2;129;192;66mINFO&amp#27;[39m&amp#27;[38;2;208;208;208m [&amp#27;[39m&amp#27;[38;2;68;136;255mo.a.f.q.n.h.NumberApplicationLifeCycle&amp#27;[39m&amp#27;[38;2;208;208;208m] &amp#27;[39m&amp#27;[38;2;176;208;176m                         Powered by Quarkus&amp#27;[39m&amp#27;[38;2;255;68;68m&amp#27;[39m&amp#27;[38;2;255;255;68m
&amp#27;[39m&amp#27;[38;2;192;192;192m10:42:34&amp#27;[39m&amp#27;[38;2;208;208;208m &amp#27;[39m&amp#27;[38;2;129;192;66mINFO&amp#27;[39m&amp#27;[38;2;208;208;208m [&amp#27;[39m&amp#27;[38;2;68;136;255mo.a.f.q.n.h.NumberApplicationLifeCycle&amp#27;[39m&amp#27;[38;2;208;208;208m] &amp#27;[39m&amp#27;[38;2;176;208;176mThe application Number is starting with profile test&amp#27;[39m&amp#27;[38;2;255;68;68m&amp#27;[39m&amp#27;[38;2;255;255;68m
&amp#27;[39m&amp#27;[38;2;192;192;192m10:42:34&amp#27;[39m&amp#27;[38;2;208;208;208m &amp#27;[39m&amp#27;[38;2;129;192;66mINFO&amp#27;[39m&amp#27;[38;2;208;208;208m [&amp#27;[39m&amp#27;[38;2;68;136;255mi.quarkus&amp#27;[39m&amp#27;[38;2;208;208;208m] &amp#27;[39m&amp#27;[38;2;176;208;176m&amp#27;[39mQuarkus &amp#27;[38;2;221;221;221m1.9.0.Final&amp#27;[39m &amp#27;[38;2;221;221;221mon JVM&amp#27;[39m started in &amp#27;[38;2;221;221;221m1.752&amp#27;[39ms. &amp#27;[38;2;221;221;221mListening on: http://0.0.0.0:8081&amp#27;[39m&amp#27;[39m&amp#27;[38;2;255;68;68m&amp#27;[39m&amp#27;[38;2;255;255;68m
&amp#27;[39m&amp#27;[38;2;192;192;192m10:42:34&amp#27;[39m&amp#27;[38;2;208;208;208m &amp#27;[39m&amp#27;[38;2;129;192;66mINFO&amp#27;[39m&amp#27;[38;2;208;208;208m [&amp#27;[39m&amp#27;[38;2;68;136;255mi.quarkus&amp#27;[39m&amp#27;[38;2;208;208;208m] &amp#27;[39m&amp#27;[38;2;176;208;176m&amp#27;[39mProfile &amp#27;[38;2;221;221;221mtest&amp#27;[39m activated. &amp#27;[38;2;221;221;221m&amp#27;[39m&amp#27;[39m&amp#27;[38;2;255;68;68m&amp#27;[39m&amp#27;[38;2;255;255;68m
&amp#27;[39m&amp#27;[38;2;192;192;192m10:42:34&amp#27;[39m&amp#27;[38;2;208;208;208m &amp#27;[39m&amp#27;[38;2;129;192;66mINFO&amp#27;[39m&amp#27;[38;2;208;208;208m [&amp#27;[39m&amp#27;[38;2;68;136;255mi.quarkus&amp#27;[39m&amp#27;[38;2;208;208;208m] &amp#27;[39m&amp#27;[38;2;176;208;176m&amp#27;[39mInstalled features: [&amp#27;[38;2;221;221;221mcdi, rest-client, resteasy, resteasy-jsonb, smallrye-context-propagation, smallrye-fault-tolerance, smallrye-openapi, swagger-ui&amp#27;[39m]&amp#27;[39m&amp#27;[38;2;255;68;68m&amp#27;[39m&amp#27;[38;2;255;255;68m
&amp#27;[39m]]></system-out>
  </testcase>
  <testcase name="shouldPingOpenAPI" classname="org.agoncal.fascicle.quarkus.number.NumberResourceTest" time="0.19"/>
  <testcase name="shouldGenerateBookNumber" classname="org.agoncal.fascicle.quarkus.number.NumberResourceTest" time="0.382">
    <system-out><![CDATA[&amp#27;[38;2;192;192;192m10:42:35&amp#27;[39m&amp#27;[38;2;208;208;208m &amp#27;[39m&amp#27;[38;2;129;192;66mINFO&amp#27;[39m&amp#27;[38;2;208;208;208m [&amp#27;[39m&amp#27;[38;2;68;136;255mo.a.f.q.n.h.NumberResource&amp#27;[39m&amp#27;[38;2;208;208;208m] &amp#27;[39m&amp#27;[38;2;176;208;176mWaiting for 0 seconds&amp#27;[39m&amp#27;[38;2;255;68;68m&amp#27;[39m&amp#27;[38;2;255;255;68m
&amp#27;[39m&amp#27;[38;2;192;192;192m10:42:35&amp#27;[39m&amp#27;[38;2;208;208;208m &amp#27;[39m&amp#27;[38;2;129;192;66mINFO&amp#27;[39m&amp#27;[38;2;208;208;208m [&amp#27;[39m&amp#27;[38;2;68;136;255mo.a.f.q.n.h.NumberResource&amp#27;[39m&amp#27;[38;2;208;208;208m] &amp#27;[39m&amp#27;[38;2;176;208;176mGenerating book numbers&amp#27;[39m&amp#27;[38;2;255;68;68m&amp#27;[39m&amp#27;[38;2;255;255;68m
&amp#27;[39m]]></system-out>
  </testcase>
</testsuite>