<?xml version="1.0" encoding="UTF-8"?>
<testsuite xmlns:xsi="http://www.w3.org/2001/XMLSchema-instance" xsi:noNamespaceSchemaLocation="https://maven.apache.org/surefire/maven-failsafe-plugin/xsd/failsafe-test-report-3.0.xsd" version="3.0" name="org.agoncal.fascicle.quarkus.book.NativeBookResourceIT" time="0.146" tests="1" errors="1" skipped="0" failures="0">
  <properties>
[...]
</properties>
  <testcase name="" classname="org.agoncal.fascicle.quarkus.book.NativeBookResourceIT" time="0.146">
    <error type="org.junit.platform.commons.JUnitException"><![CDATA[org.junit.platform.commons.JUnitException: 
Quarkus native image start failed, original cause: java.io.IOException: Cannot run program "/home/dario/Proyecto/proy-FUNCIONAL/rest-book/target/rest-book-1.0-SNAPSHOT-
                      runner": error=2, No existe el archivo o el directorio
Caused by: java.io.IOException: 
Cannot run program "/home/dario/Proyecto/proy-FUNCIONAL/rest-book/target/rest-book-1.0-SNAPSHOT-
                      runner": error=2, No existe el archivo o el directorio
Caused by: java.io.IOException: error=2, No existe el archivo o el directorio
]]></error>
    <system-out><![CDATA[Executing [/home/dario/Proyecto/proy-FUNCIONAL/rest-book/target/rest-book-1.0-SNAPSHOT-
                      runner, -Dquarkus.http.port=8081, -Dquarkus.http.ssl-port=8444, -Dtest.url=http://localhost:8081, -Dquarkus.log.file.path=target/target/quarkus.log]
]]></system-out>
  </testcase>
</testsuite>